<?xml version="1.0" encoding="UTF-8"?>
<testsuite xmlns:xsi="http://www.w3.org/2001/XMLSchema-instance" xsi:noNamespaceSchemaLocation="https://maven.apache.org/surefire/maven-surefire-plugin/xsd/surefire-test-report-3.0.xsd" version="3.0" name="uk.nhs.nhsbsa.services.cucumber.runner.TestRunner" time="17.644" tests="30" errors="0" skipped="0" failures="0">
  <properties>
[...]
</properties>
  <testcase name="Given I am a citizen of the UK" classname="Scenario: Verify user is able to get help for NHS cost online services" time="0.003">
    <system-out><![CDATA[Feature: NHSBSA help functionality
  As a user I would like to know what help I can get with paying for nhs costs online services.
]]></system-out>
    <system-err><![CDATA[SLF4J: No SLF4J providers were found.
SLF4J: Defaulting to no-operation (NOP) logger implementation
SLF4J: See https://www.slf4j.org/codes.html#noProviders for further details.
Starting ChromeDriver 110.0.5481.77 (65ed616c6e8ee3fe0ad64fe83796c020644d42af-refs/branch-heads/5481@{#839}) on port 46035
Only local connections are allowed.
Please see https://chromedriver.chromium.org/security-considerations for suggestions on keeping ChromeDriver safe.
ChromeDriver was started successfully.
[1677951964.183][WARNING]: virtual void DevToolsClientImpl::AddListener(DevToolsEventListener *) subscribing a listener to the already connected DevToolsClient. Connection notification will not arrive.
Mar 04, 2023 5:46:05 PM org.openqa.selenium.devtools.CdpVersionFinder findNearestMatch
WARNING: Unable to find an exact match for CDP version 110, so returning the closest version found: 107
]]></system-err>
  </testcase>
  <testcase name="When I put my circumstances into the Checker tool" classname="Scenario: Verify user is able to get help for NHS cost online services" time="0"/>
  <testcase name="And I click on start button" classname="Scenario: Verify user is able to get help for NHS cost online services" time="0">
    <system-out><![CDATA[2023-03-04 17:46:07 INFO  StartPage :24 - Click on start button[[ChromeDriver: chrome on WINDOWS (883a0c23fd75c7cc42426adeca019bea)] -> xpath: //input[@id='next-button']]
]]></system-out>
  </testcase>
  <testcase name="And I select Country I live in" classname="Scenario: Verify user is able to get help for NHS cost online services" time="0"/>
  <testcase name="And I click on next button" classname="Scenario: Verify user is able to get help for NHS cost online services" time="0">
    <system-out><![CDATA[2023-03-04 17:46:10 INFO  WhereYouLivePage :59 - Click on next button[[ChromeDriver: chrome on WINDOWS (883a0c23fd75c7cc42426adeca019bea)] -> xpath: //input[@id='next-button']]
]]></system-out>
  </testcase>
  <testcase name="And I click on next button" classname="Scenario: Verify user is able to get help for NHS cost online services" time="0">
    <system-out><![CDATA[2023-03-04 17:46:10 INFO  WhereYouLivePage :59 - Click on next button[[ChromeDriver: chrome on WINDOWS (883a0c23fd75c7cc42426adeca019bea)] -> xpath: //input[@id='next-button']]
]]></system-out>
  </testcase>
  <testcase name="And I click on next button" classname="Scenario: Verify user is able to get help for NHS cost online services" time="0">
    <system-out><![CDATA[2023-03-04 17:46:11 INFO  WhereYouLivePage :59 - Click on next button[[ChromeDriver: chrome on WINDOWS (883a0c23fd75c7cc42426adeca019bea)] -> xpath: //input[@id='next-button']]
]]></system-out>
  </testcase>
  <testcase name="And I click on next button" classname="Scenario: Verify user is able to get help for NHS cost online services" time="0">
    <system-out><![CDATA[2023-03-04 17:46:11 INFO  WhereYouLivePage :59 - Click on next button[[ChromeDriver: chrome on WINDOWS (883a0c23fd75c7cc42426adeca019bea)] -> xpath: //input[@id='next-button']]
]]></system-out>
  </testcase>
  <testcase name="And I click on next button" classname="Scenario: Verify user is able to get help for NHS cost online services" time="0">
    <system-out><![CDATA[2023-03-04 17:46:11 INFO  WhereYouLivePage :59 - Click on next button[[ChromeDriver: chrome on WINDOWS (883a0c23fd75c7cc42426adeca019bea)] -> xpath: //input[@id='next-button']]
]]></system-out>
  </testcase>
  <testcase name="And I click on next button" classname="Scenario: Verify user is able to get help for NHS cost online services" time="0">
    <system-out><![CDATA[2023-03-04 17:46:12 INFO  WhereYouLivePage :59 - Click on next button[[ChromeDriver: chrome on WINDOWS (883a0c23fd75c7cc42426adeca019bea)] -> xpath: //input[@id='next-button']]
]]></system-out>
  </testcase>
  <testcase name="And I click on next button" classname="Scenario: Verify user is able to get help for NHS cost online services" time="0">
    <system-out><![CDATA[2023-03-04 17:46:12 INFO  WhereYouLivePage :59 - Click on next button[[ChromeDriver: chrome on WINDOWS (883a0c23fd75c7cc42426adeca019bea)] -> xpath: //input[@id='next-button']]
]]></system-out>
  </testcase>
  <testcase name="And I click on next button" classname="Scenario: Verify user is able to get help for NHS cost online services" time="0">
    <system-out><![CDATA[2023-03-04 17:46:12 INFO  WhereYouLivePage :59 - Click on next button[[ChromeDriver: chrome on WINDOWS (883a0c23fd75c7cc42426adeca019bea)] -> xpath: //input[@id='next-button']]
]]></system-out>
  </testcase>
  <testcase name="And I click on next button" classname="Scenario: Verify user is able to get help for NHS cost online services" time="0">
    <system-out><![CDATA[2023-03-04 17:46:13 INFO  WhereYouLivePage :59 - Click on next button[[ChromeDriver: chrome on WINDOWS (883a0c23fd75c7cc42426adeca019bea)] -> xpath: //input[@id='next-button']]
]]></system-out>
  </testcase>
  <testcase name="And I select yes radio button to find out my gp is in scotland or wales" classname="Scenario: Verify user is able to get help for NHS cost online services" time="0">
    <system-out><![CDATA[2023-03-04 17:46:10 INFO  GpInScotlandOrWalesPage :23 - Select GP in Scotland or Wales[[ChromeDriver: chrome on WINDOWS (883a0c23fd75c7cc42426adeca019bea)] -> xpath: //input[@id='radio-yes']]
]]></system-out>
  </testcase>
  <testcase name="And I select England as my dental practice country" classname="Scenario: Verify user is able to get help for NHS cost online services" time="0">
    <system-out><![CDATA[2023-03-04 17:46:10 INFO  DentalPracticeCountryPage :26 - Select dental practice country[[ChromeDriver: chrome on WINDOWS (883a0c23fd75c7cc42426adeca019bea)] -> xpath: //label[@id='label-england']]
]]></system-out>
  </testcase>
  <testcase name="And I enter Day &quot;01&quot; Month &quot;01&quot; Year &quot;1991&quot;" classname="Scenario: Verify user is able to get help for NHS cost online services" time="0">
    <system-out><![CDATA[2023-03-04 17:46:11 INFO  DateOfBirthPage :32 - Enter text to date of birth field[[ChromeDriver: chrome on WINDOWS (883a0c23fd75c7cc42426adeca019bea)] -> id: dob-day]
]]></system-out>
  </testcase>
  <testcase name="And I select yes radio button of I live with my partner" classname="Scenario: Verify user is able to get help for NHS cost online services" time="0">
    <system-out><![CDATA[2023-03-04 17:46:11 INFO  PartnerPage :22 - Select partner[[ChromeDriver: chrome on WINDOWS (883a0c23fd75c7cc42426adeca019bea)] -> xpath: //input[@id='radio-yes']]
]]></system-out>
  </testcase>
  <testcase name="And I click on yes radio button to confirm that I claim benefits" classname="Scenario: Verify user is able to get help for NHS cost online services" time="0">
    <system-out><![CDATA[2023-03-04 17:46:12 INFO  ClaimBenefitTaxCreditsPage :22 - Select Yes Radio Button For Claim Benefits[[ChromeDriver: chrome on WINDOWS (883a0c23fd75c7cc42426adeca019bea)] -> id: radio-yes]
]]></system-out>
  </testcase>
  <testcase name="And I select yes we receive Universal credit payments" classname="Scenario: Verify user is able to get help for NHS cost online services" time="0">
    <system-out><![CDATA[2023-03-04 17:46:12 INFO  PaidUniversalCreditPage :23 - Select paid universal credit[[ChromeDriver: chrome on WINDOWS (883a0c23fd75c7cc42426adeca019bea)] -> id: yes-universal]
]]></system-out>
  </testcase>
  <testcase name="And I select yes radio button to confirm &apos;As part of your joint Universal Credit&apos;" classname="Scenario: Verify user is able to get help for NHS cost online services" time="0.001">
    <system-out><![CDATA[2023-03-04 17:46:12 INFO  UniversalCreditClaimPage :22 - Select universal credit claim[[ChromeDriver: chrome on WINDOWS (883a0c23fd75c7cc42426adeca019bea)] -> xpath: //label[@id='label-yes']]
]]></system-out>
  </testcase>
  <testcase name="And I select yes radio button of &apos;Did you and your partner have a combined take-home pay of £935 or less in your last Universal Credit period&apos;" classname="Scenario: Verify user is able to get help for NHS cost online services" time="0">
    <system-out><![CDATA[2023-03-04 17:46:13 INFO  UniversalCreditTakeHomePayPage :24 - Select Universal take home pay[[ChromeDriver: chrome on WINDOWS (883a0c23fd75c7cc42426adeca019bea)] -> xpath: //label[@id='label-yes']]
]]></system-out>
  </testcase>
  <testcase name="Then I should get a result of whether I will get help or not" classname="Scenario: Verify user is able to get help for NHS cost online services" time="0">
    <system-out><![CDATA[2023-03-04 17:46:13 INFO  ResultClaimingQualifyingUniversalCreditPage :24 - Verify based on what textBased on what you've told us
You get help with NHS costs
]]></system-out>
  </testcase>
  <testcase name="" classname="Scenario: Verify user is able to get help for NHS cost online services" time="0.371"/>
  <testcase name="Given I am a citizen of the UK" classname="Scenario: Verify user is unable to get help for NHS cost online services when select Northern Ireland" time="0">
    <system-out><![CDATA[
  Scenario: Verify user is able to get help for NHS cost online services                                                                           &amp#27;[90m# nhshelp.feature:4&amp#27;[0m
    &amp#27;[32mGiven &amp#27;[0m&amp#27;[32mI am a citizen of the UK&amp#27;[0m                                                                                                                 &amp#27;[90m# MyStepdefs.iAmACitizenOfTheUK()&amp#27;[0m
    &amp#27;[32mWhen &amp#27;[0m&amp#27;[32mI put my circumstances into the Checker tool&amp#27;[0m                                                                                              &amp#27;[90m# MyStepdefs.iPutMyCircumstancesIntoTheCheckerTool()&amp#27;[0m
    &amp#27;[32mAnd &amp#27;[0m&amp#27;[32mI click on start button&amp#27;[0m                                                                                                                    &amp#27;[90m# MyStepdefs.iClickOnStartButton()&amp#27;[0m
    &amp#27;[32mAnd &amp#27;[0m&amp#27;[32mI select Country I live in&amp#27;[0m                                                                                                                 &amp#27;[90m# MyStepdefs.iSelectCountryILiveIn()&amp#27;[0m
    &amp#27;[32mAnd &amp#27;[0m&amp#27;[32mI click on next button&amp#27;[0m                                                                                                                     &amp#27;[90m# MyStepdefs.iClickOnNextButton()&amp#27;[0m
    &amp#27;[32mAnd &amp#27;[0m&amp#27;[32mI select yes radio button to find out my gp is in scotland or wales&amp#27;[0m                                                                        &amp#27;[90m# MyStepdefs.iSelectYesRadioButtonToFindOutMyGpIsInScotlandOrWales()&amp#27;[0m
    &amp#27;[32mAnd &amp#27;[0m&amp#27;[32mI click on next button&amp#27;[0m                                                                                                                     &amp#27;[90m# MyStepdefs.iClickOnNextButton()&amp#27;[0m
    &amp#27;[32mAnd &amp#27;[0m&amp#27;[32mI select England as my dental practice country&amp#27;[0m                                                                                             &amp#27;[90m# MyStepdefs.iSelectEnglandAsMyDentalPracticeCountry()&amp#27;[0m
    &amp#27;[32mAnd &amp#27;[0m&amp#27;[32mI click on next button&amp#27;[0m                                                                                                                     &amp#27;[90m# MyStepdefs.iClickOnNextButton()&amp#27;[0m
    &amp#27;[32mAnd &amp#27;[0m&amp#27;[32mI enter Day "&amp#27;[0m&amp#27;[32m&amp#27;[1m01&amp#27;[0m&amp#27;[32m" Month "&amp#27;[0m&amp#27;[32m&amp#27;[1m01&amp#27;[0m&amp#27;[32m" Year "&amp#27;[0m&amp#27;[32m&amp#27;[1m1991&amp#27;[0m&amp#27;[32m"&amp#27;[0m                                                                                                    &amp#27;[90m# MyStepdefs.iEnterDayMonthYear(String,String,String)&amp#27;[0m
    &amp#27;[32mAnd &amp#27;[0m&amp#27;[32mI click on next button&amp#27;[0m                                                                                                                     &amp#27;[90m# MyStepdefs.iClickOnNextButton()&amp#27;[0m
    &amp#27;[32mAnd &amp#27;[0m&amp#27;[32mI select yes radio button of I live with my partner&amp#27;[0m                                                                                        &amp#27;[90m# MyStepdefs.iSelectYesRadioButtonOfILiveWithMyPartner()&amp#27;[0m
    &amp#27;[32mAnd &amp#27;[0m&amp#27;[32mI click on next button&amp#27;[0m                                                                                                                     &amp#27;[90m# MyStepdefs.iClickOnNextButton()&amp#27;[0m
    &amp#27;[32mAnd &amp#27;[0m&amp#27;[32mI click on yes radio button to confirm that I claim benefits&amp#27;[0m                                                                               &amp#27;[90m# MyStepdefs.iClickOnYesRadioButtonToConfirmThatIClaimBenefits()&amp#27;[0m
    &amp#27;[32mAnd &amp#27;[0m&amp#27;[32mI click on next button&amp#27;[0m                                                                                                                     &amp#27;[90m# MyStepdefs.iClickOnNextButton()&amp#27;[0m
    &amp#27;[32mAnd &amp#27;[0m&amp#27;[32mI select yes we receive Universal credit payments&amp#27;[0m                                                                                          &amp#27;[90m# MyStepdefs.iSelectYesWeReceiveUniversalCreditPayments()&amp#27;[0m
    &amp#27;[32mAnd &amp#27;[0m&amp#27;[32mI click on next button&amp#27;[0m                                                                                                                     &amp#27;[90m# MyStepdefs.iClickOnNextButton()&amp#27;[0m
    &amp#27;[32mAnd &amp#27;[0m&amp#27;[32mI select yes radio button to confirm 'As part of your joint Universal Credit'&amp#27;[0m                                                              &amp#27;[90m# MyStepdefs.iSelectYesRadioButtonToConfirmAsPartOfYourJointUniversalCredit()&amp#27;[0m
    &amp#27;[32mAnd &amp#27;[0m&amp#27;[32mI click on next button&amp#27;[0m                                                                                                                     &amp#27;[90m# MyStepdefs.iClickOnNextButton()&amp#27;[0m
    &amp#27;[32mAnd &amp#27;[0m&amp#27;[32mI select yes radio button of 'Did you and your partner have a combined take-home pay of £&amp#27;[0m&amp#27;[32m&amp#27;[1m935&amp#27;[0m&amp#27;[32m or less in your last Universal Credit period'&amp#27;[0m &amp#27;[90m# MyStepdefs.iSelectYesRadioButtonOfDidYouAndYourPartnerHaveACombinedTakeHomePayOf£OrLessInYourLastUniversalCreditPeriod(int)&amp#27;[0m
    &amp#27;[32mAnd &amp#27;[0m&amp#27;[32mI click on next button&amp#27;[0m                                                                                                                     &amp#27;[90m# MyStepdefs.iClickOnNextButton()&amp#27;[0m
    &amp#27;[32mThen &amp#27;[0m&amp#27;[32mI should get a result of whether I will get help or not&amp#27;[0m                                                                                   &amp#27;[90m# MyStepdefs.iShouldGetAResultOfWhetherIWillGetHelpOrNot()&amp#27;[0m
]]></system-out>
    <system-err><![CDATA[Starting ChromeDriver 110.0.5481.77 (65ed616c6e8ee3fe0ad64fe83796c020644d42af-refs/branch-heads/5481@{#839}) on port 45927
Only local connections are allowed.
Please see https://chromedriver.chromium.org/security-considerations for suggestions on keeping ChromeDriver safe.
ChromeDriver was started successfully.
[1677951975.047][WARNING]: virtual void DevToolsClientImpl::AddListener(DevToolsEventListener *) subscribing a listener to the already connected DevToolsClient. Connection notification will not arrive.
Mar 04, 2023 5:46:15 PM org.openqa.selenium.devtools.CdpVersionFinder findNearestMatch
WARNING: Unable to find an exact match for CDP version 110, so returning the closest version found: 107
]]></system-err>
  </testcase>
  <testcase name="When I put my circumstances into the Checker tool" classname="Scenario: Verify user is unable to get help for NHS cost online services when select Northern Ireland" time="0"/>
  <testcase name="And I click on start button" classname="Scenario: Verify user is unable to get help for NHS cost online services when select Northern Ireland" time="0">
    <system-out><![CDATA[2023-03-04 17:46:17 INFO  StartPage :24 - Click on start button[[ChromeDriver: chrome on WINDOWS (31403f759cae8c3ab16af55f6cebd080)] -> xpath: //input[@id='next-button']]
]]></system-out>
  </testcase>
  <testcase name="And I select Country Northern Ireland" classname="Scenario: Verify user is unable to get help for NHS cost online services when select Northern Ireland" time="0">
    <system-out><![CDATA[2023-03-04 17:46:18 INFO  WhereYouLivePage :55 - Select Northern Ireland[[ChromeDriver: chrome on WINDOWS (31403f759cae8c3ab16af55f6cebd080)] -> xpath: //input[@id='radio-nire']]
]]></system-out>
  </testcase>
  <testcase name="And I click on next button" classname="Scenario: Verify user is unable to get help for NHS cost online services when select Northern Ireland" time="0">
    <system-out><![CDATA[2023-03-04 17:46:18 INFO  WhereYouLivePage :59 - Click on next button[[ChromeDriver: chrome on WINDOWS (31403f759cae8c3ab16af55f6cebd080)] -> xpath: //input[@id='next-button']]
]]></system-out>
  </testcase>
  <testcase name="Then I should not get NHS help service as I live in Northern Ireland" classname="Scenario: Verify user is unable to get help for NHS cost online services when select Northern Ireland" time="0">
    <system-out><![CDATA[2023-03-04 17:46:18 INFO  ServiceNotNorthernIrelandPage :23 - Verify you cannot use this service textYou cannot use this service because you live in Northern Ireland
]]></system-out>
  </testcase>
  <testcase name="" classname="Scenario: Verify user is unable to get help for NHS cost online services when select Northern Ireland" time="0.18"/>
</testsuite>